[command arg: -ANA]
[command arg: e:\Parse_Address\telephone\]
[command arg: -WORK]
[command arg: c:\Users\Jagdish Pinnada\.vscode\extensions\dehilster.nlp-2.33.2\nlp-engine]
[command arg: e:\Parse_Address\telephone\input\text.txt]
[command arg: -DEV]
[logfile: c:\Users\Jagdish Pinnada\.vscode\extensions\dehilster.nlp-2.33.2\nlp-engine\vtrun_logfile.out]
[rfbdir: c:\Users\Jagdish Pinnada\.vscode\extensions\dehilster.nlp-2.33.2\nlp-engine\data\rfb\spec]
[analyzer directory: e:\Parse_Address\telephone\]
[analyzer name: ]
[rfb file: c:\Users\Jagdish Pinnada\.vscode\extensions\dehilster.nlp-2.33.2\nlp-engine\data\rfb\spec]
[log file: .\tmp\visualtext.log]
[spec directory: e:\Parse_Address\telephone\\spec]
[spec file: e:\Parse_Address\telephone\\spec\analyzer.seq]
[output directory: e:\Parse_Address\telephone\\output]
[infile path: e:\Parse_Address\telephone\input\text.txt]
[outfile path: e:\Parse_Address\telephone\\outfile.txt]
[outdir path: e:\Parse_Address\telephone\input\text.txt_log]
[AFTER VTRUN DELETE: ]
Active Algo count=1
