[Pass 1 time: 0.007 sec     dicttok]
[Pass 2 time: 0.001 sec     KBFuncs]
[Pass 3 time: 0 sec     funcs]
[Pass 4 time: 0 sec     kbinit]
[Pass 5 time: 0.006 sec     Lines]
[Pass 6 time: 0.009 sec     RemoveWhiteSpace]
[Pass 7 time: 0.005 sec     pincode]
[Pass 8 time: 0.004 sec     RemoveSpecialChars]
[Pass 9 time: 0.005 sec     PrecedingWords]
[Pass 10 time: 0.006 sec     removelines]
[Pass 11 time: 0.006 sec     Grouping]
[Pass 12 time: 0.007 sec     information1]
[Pass 13 time: 0.006 sec     information2]
[Pass 14 time: 0.005 sec     information3]
[Pass 15 time: 0.005 sec     countryname]
[Pass 16 time: 0.008 sec     kbmake]
[Pass 17 time: 0.005 sec     kbdisp01]
[Pass 18 time: 0.005 sec     output]
[Input file: e:\Parse_Address\Address_parser\input\text4.txt]
[Total passes: 18]
[Total time: 0.091 sec]
[Time per 1000 chars (0.091/1459): 0.0623715 sec]
[Time per pass per 1000 chars: 0.00346508]
infile  passes tottime length tot/1000 tot/pass/1000
e:\Parse_Address\Address_parser\input\text4.txt	18	0.091	1459	0.0623715	0.00346508
[Clean time: 0.002 sec]
