[Pass 1 time: 0.001 sec     tokenize]
[Pass 2 time: 0.001 sec     line]
[Pass 3 time: 0.002 sec     retok]
[Pass 4 time: 0.024 sec     bigtok]
[Pass 5 time: 0.006 sec     x_white]
[Pass 6 time: 0.002 sec     nlppp]
[Pass 7 time: 0 sec     un_mark]
[Pass 8 time: 0 sec     list]
[Pass 9 time: 0.003 sec     list1]
[Pass 10 time: 0.003 sec     gram1]
[Pass 11 time: 0.29 sec     gram2]
[Pass 12 time: 0 sec     decls]
[Pass 13 time: 0 sec     pair]
[Pass 14 time: 0 sec     pairs]
[Pass 15 time: 0 sec     element]
[Pass 16 time: 0 sec     rule]
[Pass 17 time: 0 sec     rules]
[Pass 18 time: 0 sec     decl]
[Pass 19 time: 0 sec     code]
[Pass 20 time: 0 sec     pres]
[Pass 21 time: 0 sec     checks]
[Pass 22 time: 0 sec     posts]
[Pass 23 time: 0 sec     tmp]
[Pass 24 time: 0 sec     tmp1]
[Pass 25 time: 0 sec     select]
[Pass 26 time: 0 sec     region]
[Pass 27 time: 0 sec     regions]
[Pass 28 time: 0 sec     recurse]
[Pass 29 time: 0 sec     recurses]
[Pass 30 time: 0 sec     rulesfile]
[Pass 31 time: 0 sec     finalerr]
[Pass 32 time: 0 sec     nintern]
[Pass 33 time: 0 sec     gen]
[Pass 34 time: 0 sec     hash]
[Pass 1 time: 0.001 sec     tokenize]
[Pass 2 time: 0 sec     line]
[Pass 3 time: 0.002 sec     retok]
[Pass 4 time: 0.004 sec     bigtok]
[Pass 5 time: 0.001 sec     x_white]
[Pass 6 time: 0.001 sec     nlppp]
[Pass 7 time: 0 sec     un_mark]
[Pass 8 time: 0 sec     list]
[Pass 9 time: 0 sec     list1]
[Pass 10 time: 0.001 sec     gram1]
[Pass 11 time: 0.025 sec     gram2]
[Pass 12 time: 0 sec     decls]
[Pass 13 time: 0 sec     pair]
[Pass 14 time: 0 sec     pairs]
[Pass 15 time: 0 sec     element]
[Pass 16 time: 0 sec     rule]
[Pass 17 time: 0 sec     rules]
[Pass 18 time: 0 sec     decl]
[Pass 19 time: 0 sec     code]
[Pass 20 time: 0 sec     pres]
[Pass 21 time: 0 sec     checks]
[Pass 22 time: 0 sec     posts]
[Pass 23 time: 0 sec     tmp]
[Pass 24 time: 0 sec     tmp1]
[Pass 25 time: 0 sec     select]
[Pass 26 time: 0 sec     region]
[Pass 27 time: 0 sec     regions]
[Pass 28 time: 0 sec     recurse]
[Pass 29 time: 0 sec     recurses]
[Pass 30 time: 0 sec     rulesfile]
[Pass 31 time: 0 sec     finalerr]
[Pass 32 time: 0 sec     nintern]
[Pass 33 time: 0 sec     gen]
[Pass 34 time: 0 sec     hash]
[Pass 1 time: 0 sec     tokenize]
[Pass 2 time: 0 sec     line]
[Pass 3 time: 0 sec     retok]
[Pass 4 time: 0 sec     bigtok]
[Pass 5 time: 0 sec     x_white]
[Pass 6 time: 0 sec     nlppp]
[Pass 7 time: 0 sec     un_mark]
[Pass 8 time: 0 sec     list]
[Pass 9 time: 0 sec     list1]
[Pass 10 time: 0 sec     gram1]
[Pass 11 time: 0.001 sec     gram2]
[Pass 12 time: 0 sec     decls]
[Pass 13 time: 0 sec     pair]
[Pass 14 time: 0 sec     pairs]
[Pass 15 time: 0 sec     element]
[Pass 16 time: 0 sec     rule]
[Pass 17 time: 0 sec     rules]
[Pass 18 time: 0 sec     decl]
[Pass 19 time: 0 sec     code]
[Pass 20 time: 0 sec     pres]
[Pass 21 time: 0 sec     checks]
[Pass 22 time: 0 sec     posts]
[Pass 23 time: 0 sec     tmp]
[Pass 24 time: 0 sec     tmp1]
[Pass 25 time: 0 sec     select]
[Pass 26 time: 0 sec     region]
[Pass 27 time: 0 sec     regions]
[Pass 28 time: 0 sec     recurse]
[Pass 29 time: 0 sec     recurses]
[Pass 30 time: 0 sec     rulesfile]
[Pass 31 time: 0 sec     finalerr]
[Pass 32 time: 0 sec     nintern]
[Pass 33 time: 0 sec     gen]
[Pass 34 time: 0 sec     hash]
[Pass 1 time: 0 sec     tokenize]
[Pass 2 time: 0 sec     line]
[Pass 3 time: 0 sec     retok]
[Pass 4 time: 0.001 sec     bigtok]
[Pass 5 time: 0 sec     x_white]
[Pass 6 time: 0 sec     nlppp]
[Pass 7 time: 0 sec     un_mark]
[Pass 8 time: 0 sec     list]
[Pass 9 time: 0 sec     list1]
[Pass 10 time: 0 sec     gram1]
[Pass 11 time: 0 sec     gram2]
[Pass 12 time: 0 sec     decls]
[Pass 13 time: 0 sec     pair]
[Pass 14 time: 0 sec     pairs]
[Pass 15 time: 0 sec     element]
[Pass 16 time: 0 sec     rule]
[Pass 17 time: 0 sec     rules]
[Pass 18 time: 0 sec     decl]
[Pass 19 time: 0 sec     code]
[Pass 20 time: 0 sec     pres]
[Pass 21 time: 0 sec     checks]
[Pass 22 time: 0 sec     posts]
[Pass 23 time: 0 sec     tmp]
[Pass 24 time: 0 sec     tmp1]
[Pass 25 time: 0 sec     select]
[Pass 26 time: 0 sec     region]
[Pass 27 time: 0 sec     regions]
[Pass 28 time: 0 sec     recurse]
[Pass 29 time: 0 sec     recurses]
[Pass 30 time: 0 sec     rulesfile]
[Pass 31 time: 0 sec     finalerr]
[Pass 32 time: 0 sec     nintern]
[Pass 33 time: 0 sec     gen]
[Pass 34 time: 0 sec     hash]
[Pass 1 time: 0 sec     tokenize]
[Pass 2 time: 0 sec     line]
[Pass 3 time: 0 sec     retok]
[Pass 4 time: 0 sec     bigtok]
[Pass 5 time: 0 sec     x_white]
[Pass 6 time: 0 sec     nlppp]
[Pass 7 time: 0 sec     un_mark]
[Pass 8 time: 0 sec     list]
[Pass 9 time: 0 sec     list1]
[Pass 10 time: 0 sec     gram1]
[Pass 11 time: 0 sec     gram2]
[Pass 12 time: 0 sec     decls]
[Pass 13 time: 0 sec     pair]
[Pass 14 time: 0 sec     pairs]
[Pass 15 time: 0 sec     element]
[Pass 16 time: 0 sec     rule]
[Pass 17 time: 0 sec     rules]
[Pass 18 time: 0 sec     decl]
[Pass 19 time: 0 sec     code]
[Pass 20 time: 0 sec     pres]
[Pass 21 time: 0 sec     checks]
[Pass 22 time: 0 sec     posts]
[Pass 23 time: 0 sec     tmp]
[Pass 24 time: 0 sec     tmp1]
[Pass 25 time: 0 sec     select]
[Pass 26 time: 0 sec     region]
[Pass 27 time: 0 sec     regions]
[Pass 28 time: 0 sec     recurse]
[Pass 29 time: 0 sec     recurses]
[Pass 30 time: 0 sec     rulesfile]
[Pass 31 time: 0 sec     finalerr]
[Pass 32 time: 0 sec     nintern]
[Pass 33 time: 0 sec     gen]
[Pass 34 time: 0 sec     hash]
[Pass 1 time: 0 sec     tokenize]
[Pass 2 time: 0 sec     line]
[Pass 3 time: 0 sec     retok]
[Pass 4 time: 0.001 sec     bigtok]
[Pass 5 time: 0 sec     x_white]
[Pass 6 time: 0 sec     nlppp]
[Pass 7 time: 0 sec     un_mark]
[Pass 8 time: 0 sec     list]
[Pass 9 time: 0 sec     list1]
[Pass 10 time: 0.001 sec     gram1]
[Pass 11 time: 0.001 sec     gram2]
[Pass 12 time: 0 sec     decls]
[Pass 13 time: 0 sec     pair]
[Pass 14 time: 0 sec     pairs]
[Pass 15 time: 0 sec     element]
[Pass 16 time: 0 sec     rule]
[Pass 17 time: 0 sec     rules]
[Pass 18 time: 0 sec     decl]
[Pass 19 time: 0 sec     code]
[Pass 20 time: 0 sec     pres]
[Pass 21 time: 0 sec     checks]
[Pass 22 time: 0 sec     posts]
[Pass 23 time: 0 sec     tmp]
[Pass 24 time: 0 sec     tmp1]
[Pass 25 time: 0 sec     select]
[Pass 26 time: 0 sec     region]
[Pass 27 time: 0 sec     regions]
[Pass 28 time: 0 sec     recurse]
[Pass 29 time: 0 sec     recurses]
[Pass 30 time: 0 sec     rulesfile]
[Pass 31 time: 0 sec     finalerr]
[Pass 32 time: 0 sec     nintern]
[Pass 33 time: 0 sec     gen]
[Pass 34 time: 0 sec     hash]
[Pass 1 time: 0 sec     tokenize]
[Pass 2 time: 0 sec     line]
[Pass 3 time: 0 sec     retok]
[Pass 4 time: 0 sec     bigtok]
[Pass 5 time: 0 sec     x_white]
[Pass 6 time: 0 sec     nlppp]
[Pass 7 time: 0 sec     un_mark]
[Pass 8 time: 0 sec     list]
[Pass 9 time: 0 sec     list1]
[Pass 10 time: 0 sec     gram1]
[Pass 11 time: 0.001 sec     gram2]
[Pass 12 time: 0 sec     decls]
[Pass 13 time: 0 sec     pair]
[Pass 14 time: 0 sec     pairs]
[Pass 15 time: 0 sec     element]
[Pass 16 time: 0 sec     rule]
[Pass 17 time: 0 sec     rules]
[Pass 18 time: 0 sec     decl]
[Pass 19 time: 0 sec     code]
[Pass 20 time: 0 sec     pres]
[Pass 21 time: 0 sec     checks]
[Pass 22 time: 0 sec     posts]
[Pass 23 time: 0 sec     tmp]
[Pass 24 time: 0 sec     tmp1]
[Pass 25 time: 0 sec     select]
[Pass 26 time: 0 sec     region]
[Pass 27 time: 0 sec     regions]
[Pass 28 time: 0 sec     recurse]
[Pass 29 time: 0 sec     recurses]
[Pass 30 time: 0 sec     rulesfile]
[Pass 31 time: 0 sec     finalerr]
[Pass 32 time: 0 sec     nintern]
[Pass 33 time: 0 sec     gen]
[Pass 34 time: 0 sec     hash]
[Pass 1 time: 0 sec     tokenize]
[Pass 2 time: 0 sec     line]
[Pass 3 time: 0.001 sec     retok]
[Pass 4 time: 0.001 sec     bigtok]
[Pass 5 time: 0.001 sec     x_white]
[Pass 6 time: 0 sec     nlppp]
[Pass 7 time: 0 sec     un_mark]
[Pass 8 time: 0.001 sec     list]
[Pass 9 time: 0 sec     list1]
[Pass 10 time: 0 sec     gram1]
[Pass 11 time: 0.002 sec     gram2]
[Pass 12 time: 0 sec     decls]
[Pass 13 time: 0 sec     pair]
[Pass 14 time: 0 sec     pairs]
[Pass 15 time: 0 sec     element]
[Pass 16 time: 0 sec     rule]
[Pass 17 time: 0 sec     rules]
[Pass 18 time: 0 sec     decl]
[Pass 19 time: 0 sec     code]
[Pass 20 time: 0 sec     pres]
[Pass 21 time: 0 sec     checks]
[Pass 22 time: 0 sec     posts]
[Pass 23 time: 0 sec     tmp]
[Pass 24 time: 0.001 sec     tmp1]
[Pass 25 time: 0 sec     select]
[Pass 26 time: 0 sec     region]
[Pass 27 time: 0 sec     regions]
[Pass 28 time: 0 sec     recurse]
[Pass 29 time: 0 sec     recurses]
[Pass 30 time: 0 sec     rulesfile]
[Pass 31 time: 0 sec     finalerr]
[Pass 32 time: 0 sec     nintern]
[Pass 33 time: 0 sec     gen]
[Pass 34 time: 0 sec     hash]
[Pass 1 time: 0 sec     tokenize]
[Pass 2 time: 0 sec     line]
[Pass 3 time: 0.001 sec     retok]
[Pass 4 time: 0 sec     bigtok]
[Pass 5 time: 0 sec     x_white]
[Pass 6 time: 0 sec     nlppp]
[Pass 7 time: 0 sec     un_mark]
[Pass 8 time: 0 sec     list]
[Pass 9 time: 0 sec     list1]
[Pass 10 time: 0 sec     gram1]
[Pass 11 time: 0 sec     gram2]
[Pass 12 time: 0 sec     decls]
[Pass 13 time: 0 sec     pair]
[Pass 14 time: 0 sec     pairs]
[Pass 15 time: 0 sec     element]
[Pass 16 time: 0 sec     rule]
[Pass 17 time: 0 sec     rules]
[Pass 18 time: 0 sec     decl]
[Pass 19 time: 0 sec     code]
[Pass 20 time: 0 sec     pres]
[Pass 21 time: 0 sec     checks]
[Pass 22 time: 0 sec     posts]
[Pass 23 time: 0 sec     tmp]
[Pass 24 time: 0 sec     tmp1]
[Pass 25 time: 0 sec     select]
[Pass 26 time: 0.001 sec     region]
[Pass 27 time: 0 sec     regions]
[Pass 28 time: 0 sec     recurse]
[Pass 29 time: 0 sec     recurses]
[Pass 30 time: 0 sec     rulesfile]
[Pass 31 time: 0 sec     finalerr]
[Pass 32 time: 0 sec     nintern]
[Pass 33 time: 0 sec     gen]
[Pass 34 time: 0 sec     hash]
[Pass 1 time: 0 sec     tokenize]
[Pass 2 time: 0 sec     line]
[Pass 3 time: 0.001 sec     retok]
[Pass 4 time: 0.002 sec     bigtok]
[Pass 5 time: 0 sec     x_white]
[Pass 6 time: 0 sec     nlppp]
[Pass 7 time: 0 sec     un_mark]
[Pass 8 time: 0 sec     list]
[Pass 9 time: 0 sec     list1]
[Pass 10 time: 0.001 sec     gram1]
[Pass 11 time: 0.001 sec     gram2]
[Pass 12 time: 0 sec     decls]
[Pass 13 time: 0 sec     pair]
[Pass 14 time: 0 sec     pairs]
[Pass 15 time: 0 sec     element]
[Pass 16 time: 0.001 sec     rule]
[Pass 17 time: 0 sec     rules]
[Pass 18 time: 0 sec     decl]
[Pass 19 time: 0 sec     code]
[Pass 20 time: 0 sec     pres]
[Pass 21 time: 0 sec     checks]
[Pass 22 time: 0 sec     posts]
[Pass 23 time: 0 sec     tmp]
[Pass 24 time: 0 sec     tmp1]
[Pass 25 time: 0 sec     select]
[Pass 26 time: 0 sec     region]
[Pass 27 time: 0 sec     regions]
[Pass 28 time: 0 sec     recurse]
[Pass 29 time: 0 sec     recurses]
[Pass 30 time: 0 sec     rulesfile]
[Pass 31 time: 0 sec     finalerr]
[Pass 32 time: 0 sec     nintern]
[Pass 33 time: 0 sec     gen]
[Pass 34 time: 0 sec     hash]
[Pass 1 time: 0.001 sec     tokenize]
[Pass 2 time: 0 sec     line]
[Pass 3 time: 0.002 sec     retok]
[Pass 4 time: 0.005 sec     bigtok]
[Pass 5 time: 0.001 sec     x_white]
[Pass 6 time: 0.001 sec     nlppp]
[Pass 7 time: 0 sec     un_mark]
[Pass 8 time: 0.001 sec     list]
[Pass 9 time: 0 sec     list1]
[Pass 10 time: 0.001 sec     gram1]
[Pass 11 time: 0.008 sec     gram2]
[Pass 12 time: 0 sec     decls]
[Pass 13 time: 0.001 sec     pair]
[Pass 14 time: 0 sec     pairs]
[Pass 15 time: 0 sec     element]
[Pass 16 time: 0.002 sec     rule]
[Pass 17 time: 0 sec     rules]
[Pass 18 time: 0 sec     decl]
[Pass 19 time: 0 sec     code]
[Pass 20 time: 0 sec     pres]
[Pass 21 time: 0 sec     checks]
[Pass 22 time: 0 sec     posts]
[Pass 23 time: 0 sec     tmp]
[Pass 24 time: 0 sec     tmp1]
[Pass 25 time: 0 sec     select]
[Pass 26 time: 0 sec     region]
[Pass 27 time: 0 sec     regions]
[Pass 28 time: 0 sec     recurse]
[Pass 29 time: 0 sec     recurses]
[Pass 30 time: 0 sec     rulesfile]
[Pass 31 time: 0 sec     finalerr]
[Pass 32 time: 0 sec     nintern]
[Pass 33 time: 0 sec     gen]
[Pass 34 time: 0 sec     hash]
[Pass 1 time: 0 sec     tokenize]
[Pass 2 time: 0 sec     line]
[Pass 3 time: 0.002 sec     retok]
[Pass 4 time: 0.003 sec     bigtok]
[Pass 5 time: 0.001 sec     x_white]
[Pass 6 time: 0 sec     nlppp]
[Pass 7 time: 0 sec     un_mark]
[Pass 8 time: 0.001 sec     list]
[Pass 9 time: 0 sec     list1]
[Pass 10 time: 0 sec     gram1]
[Pass 11 time: 0.004 sec     gram2]
[Pass 12 time: 0 sec     decls]
[Pass 13 time: 0.001 sec     pair]
[Pass 14 time: 0 sec     pairs]
[Pass 15 time: 0 sec     element]
[Pass 16 time: 0.001 sec     rule]
[Pass 17 time: 0 sec     rules]
[Pass 18 time: 0 sec     decl]
[Pass 19 time: 0 sec     code]
[Pass 20 time: 0 sec     pres]
[Pass 21 time: 0 sec     checks]
[Pass 22 time: 0 sec     posts]
[Pass 23 time: 0 sec     tmp]
[Pass 24 time: 0 sec     tmp1]
[Pass 25 time: 0 sec     select]
[Pass 26 time: 0 sec     region]
[Pass 27 time: 0 sec     regions]
[Pass 28 time: 0 sec     recurse]
[Pass 29 time: 0 sec     recurses]
[Pass 30 time: 0 sec     rulesfile]
[Pass 31 time: 0 sec     finalerr]
[Pass 32 time: 0 sec     nintern]
[Pass 33 time: 0 sec     gen]
[Pass 34 time: 0 sec     hash]
[Pass 1 time: 0 sec     tokenize]
[Pass 2 time: 0 sec     line]
[Pass 3 time: 0 sec     retok]
[Pass 4 time: 0.001 sec     bigtok]
[Pass 5 time: 0 sec     x_white]
[Pass 6 time: 0 sec     nlppp]
[Pass 7 time: 0 sec     un_mark]
[Pass 8 time: 0 sec     list]
[Pass 9 time: 0 sec     list1]
[Pass 10 time: 0 sec     gram1]
[Pass 11 time: 0.001 sec     gram2]
[Pass 12 time: 0 sec     decls]
[Pass 13 time: 0 sec     pair]
[Pass 14 time: 0 sec     pairs]
[Pass 15 time: 0 sec     element]
[Pass 16 time: 0 sec     rule]
[Pass 17 time: 0 sec     rules]
[Pass 18 time: 0 sec     decl]
[Pass 19 time: 0 sec     code]
[Pass 20 time: 0 sec     pres]
[Pass 21 time: 0 sec     checks]
[Pass 22 time: 0 sec     posts]
[Pass 23 time: 0 sec     tmp]
[Pass 24 time: 0 sec     tmp1]
[Pass 25 time: 0 sec     select]
[Pass 26 time: 0 sec     region]
[Pass 27 time: 0 sec     regions]
[Pass 28 time: 0 sec     recurse]
[Pass 29 time: 0 sec     recurses]
[Pass 30 time: 0 sec     rulesfile]
[Pass 31 time: 0 sec     finalerr]
[Pass 32 time: 0 sec     nintern]
[Pass 33 time: 0 sec     gen]
[Pass 34 time: 0 sec     hash]
[Pass 1 time: 0 sec     tokenize]
[Pass 2 time: 0 sec     line]
[Pass 3 time: 0 sec     retok]
[Pass 4 time: 0 sec     bigtok]
[Pass 5 time: 0 sec     x_white]
[Pass 6 time: 0 sec     nlppp]
[Pass 7 time: 0 sec     un_mark]
[Pass 8 time: 0 sec     list]
[Pass 9 time: 0 sec     list1]
[Pass 10 time: 0 sec     gram1]
[Pass 11 time: 0 sec     gram2]
[Pass 12 time: 0 sec     decls]
[Pass 13 time: 0 sec     pair]
[Pass 14 time: 0 sec     pairs]
[Pass 15 time: 0 sec     element]
[Pass 16 time: 0 sec     rule]
[Pass 17 time: 0 sec     rules]
[Pass 18 time: 0 sec     decl]
[Pass 19 time: 0 sec     code]
[Pass 20 time: 0 sec     pres]
[Pass 21 time: 0 sec     checks]
[Pass 22 time: 0 sec     posts]
[Pass 23 time: 0 sec     tmp]
[Pass 24 time: 0 sec     tmp1]
[Pass 25 time: 0 sec     select]
[Pass 26 time: 0 sec     region]
[Pass 27 time: 0 sec     regions]
[Pass 28 time: 0 sec     recurse]
[Pass 29 time: 0 sec     recurses]
[Pass 30 time: 0 sec     rulesfile]
[Pass 31 time: 0 sec     finalerr]
[Pass 32 time: 0 sec     nintern]
[Pass 33 time: 0 sec     gen]
[Pass 34 time: 0 sec     hash]
[Pass 1 time: 0 sec     tokenize]
[Pass 2 time: 0 sec     line]
[Pass 3 time: 0 sec     retok]
[Pass 4 time: 0.001 sec     bigtok]
[Pass 5 time: 0 sec     x_white]
[Pass 6 time: 0 sec     nlppp]
[Pass 7 time: 0 sec     un_mark]
[Pass 8 time: 0 sec     list]
[Pass 9 time: 0 sec     list1]
[Pass 10 time: 0 sec     gram1]
[Pass 11 time: 0 sec     gram2]
[Pass 12 time: 0 sec     decls]
[Pass 13 time: 0 sec     pair]
[Pass 14 time: 0 sec     pairs]
[Pass 15 time: 0 sec     element]
[Pass 16 time: 0 sec     rule]
[Pass 17 time: 0 sec     rules]
[Pass 18 time: 0 sec     decl]
[Pass 19 time: 0 sec     code]
[Pass 20 time: 0 sec     pres]
[Pass 21 time: 0 sec     checks]
[Pass 22 time: 0 sec     posts]
[Pass 23 time: 0 sec     tmp]
[Pass 24 time: 0 sec     tmp1]
[Pass 25 time: 0 sec     select]
[Pass 26 time: 0 sec     region]
[Pass 27 time: 0 sec     regions]
[Pass 28 time: 0 sec     recurse]
[Pass 29 time: 0 sec     recurses]
[Pass 30 time: 0 sec     rulesfile]
[Pass 31 time: 0 sec     finalerr]
[Pass 32 time: 0 sec     nintern]
[Pass 33 time: 0 sec     gen]
[Pass 34 time: 0 sec     hash]
