[Loading interpreted kb.]
[readKB:]
[readKB: path=E:\Works\NLP++\test\analyzers\parse-en-us\kb\user]
[READ dict files time= 4.288 sec]
[popVal: Attribute not a string.]
[popVal: Attribute not a concept.]
[popVal: Attribute not a num.]
[popVal: Attribute not a concept.]
[popVal: Attribute not a num.]
[popVal: Attribute not a concept.]
[popVal: Attribute not a num.]
[popVal: Attribute not a concept.]
[popVal: Attribute not a string.]
[popVal: Attribute not a num.]
[popVal: Attribute not a num.]
[popVal: Attribute not a concept.]
[popVal: Attribute not a num.]
[popVal: Attribute not a concept.]
[popVal: Attribute not a num.]
[popVal: Attribute not a concept.]
[popVal: Attribute not a string.]
[popVal: Attribute not a num.]
[popVal: Attribute not a num.]
[popVal: Attribute not a concept.]
[popVal: Attribute not a num.]
[popVal: Attribute not a concept.]
[popVal: Attribute not a string.]
[popVal: Attribute not a num.]
[popVal: Attribute not a num.]
[popVal: Attribute not a concept.]
[popVal: Attribute not a num.]
[popVal: Attribute not a concept.]
[popVal: Attribute not a string.]
[popVal: Attribute not a num.]
[popVal: Attribute not a num.]
[popVal: Attribute not a concept.]
[popVal: Attribute not a num.]
[popVal: Attribute not a concept.]
[popVal: Attribute not a num.]
[popVal: Attribute not a concept.]
[popVal: Attribute not a string.]
[popVal: Attribute not a num.]
[popVal: Attribute not a string.]
[popVal: Attribute not a concept.]
[popVal: Attribute not a num.]
[popVal: Attribute not a concept.]
[popVal: Attribute not a num.]
[popVal: Attribute not a concept.]
[popVal: Attribute not a string.]
[popVal: Attribute not a concept.]
[popVal: Attribute not a string.]
[popVal: Attribute not a num.]
[popVal: Attribute not a num.]
[popVal: Attribute not a concept.]
[popVal: Attribute not a num.]
[popVal: Attribute not a concept.]
[popVal: Attribute not a string.]
[popVal: Attribute not a concept.]
[popVal: Attribute not a string.]
[popVal: Attribute not a concept.]
[popVal: Attribute not a num.]
[popVal: Attribute not a concept.]
[popVal: Attribute not a string.]
[popVal: Attribute not a num.]
[popVal: Attribute not a num.]
[popVal: Attribute not a concept.]
[popVal: Attribute not a num.]
[popVal: Attribute not a concept.]
[popVal: Attribute not a string.]
[popVal: Attribute not a concept.]
[popVal: Attribute not a string.]
[popVal: Attribute not a concept.]
[popVal: Attribute not a num.]
[popVal: Attribute not a concept.]
[popVal: Attribute not a string.]
[popVal: Attribute not a num.]
[popVal: Attribute not a num.]
[popVal: Attribute not a concept.]
[popVal: Attribute not a string.]
[popVal: Attribute not a concept.]
[popVal: Attribute not a string.]
[popVal: Attribute not a num.]
[popVal: Attribute not a string.]
[popVal: Attribute not a num.]
[popVal: Attribute not a num.]
[popVal: Attribute not a concept.]
[popVal: Attribute not a string.]
[popVal: Attribute not a concept.]
[popVal: Attribute not a string.]
[popVal: Attribute not a num.]
[popVal: Attribute not a string.]
[popVal: Attribute not a concept.]
[popVal: Attribute not a num.]
[popVal: Attribute not a concept.]
[popVal: Attribute not a num.]
[popVal: Attribute not a concept.]
[popVal: Attribute not a string.]
[popVal: Attribute not a concept.]
[popVal: Attribute not a string.]
[popVal: Attribute not a num.]
[popVal: Attribute not a num.]
[popVal: Attribute not a concept.]
[popVal: Attribute not a num.]
[popVal: Attribute not a concept.]
[popVal: Attribute not a string.]
[popVal: Attribute not a concept.]
[popVal: Attribute not a num.]
[popVal: Attribute not a concept.]
[popVal: Attribute not a string.]
[popVal: Attribute not a concept.]
[popVal: Attribute not a string.]
[popVal: Attribute not a num.]
[popVal: Attribute not a num.]
[popVal: Attribute not a concept.]
[popVal: Attribute not a num.]
[popVal: Attribute not a concept.]
[popVal: Attribute not a string.]
[popVal: Attribute not a concept.]
[popVal: Attribute not a num.]
[popVal: Attribute not a concept.]
[popVal: Attribute not a string.]
[popVal: Attribute not a concept.]
[popVal: Attribute not a string.]
[popVal: Attribute not a num.]
[popVal: Attribute not a num.]
[popVal: Attribute not a concept.]
[popVal: Attribute not a string.]
[popVal: Attribute not a concept.]
[popVal: Attribute not a string.]
[popVal: Attribute not a num.]
[popVal: Attribute not a num.]
[popVal: Attribute not a concept.]
[popVal: Attribute not a string.]
[popVal: Attribute not a concept.]
[popVal: Attribute not a string.]
[popVal: Attribute not a num.]
[popVal: Attribute not a num.]
[popVal: Attribute not a concept.]
[popVal: Attribute not a string.]
[popVal: Attribute not a concept.]
[popVal: Attribute not a string.]
[popVal: Attribute not a num.]
[popVal: Attribute not a num.]
[popVal: Attribute not a concept.]
[popVal: Attribute not a num.]
[popVal: Attribute not a concept.]
[popVal: Attribute not a string.]
[popVal: Attribute not a concept.]
[popVal: Attribute not a num.]
[popVal: Attribute not a concept.]
[popVal: Attribute not a num.]
[popVal: Attribute not a concept.]
[popVal: Attribute not a string.]
[popVal: Attribute not a concept.]
[popVal: Attribute not a num.]
[popVal: Attribute not a concept.]
[popVal: Attribute not a num.]
[popVal: Attribute not a concept.]
[popVal: Attribute not a num.]
[popVal: Attribute not a concept.]
[popVal: Attribute not a string.]
[popVal: Attribute not a num.]
[popVal: Attribute not a num.]
[popVal: Attribute not a concept.]
[popVal: Attribute not a num.]
[popVal: Attribute not a concept.]
[popVal: Attribute not a string.]
[popVal: Attribute not a concept.]
[popVal: Attribute not a num.]
[popVal: Attribute not a concept.]
[popVal: Attribute not a num.]
[popVal: Attribute not a concept.]
[popVal: Attribute not a string.]
[popVal: Attribute not a concept.]
[popVal: Attribute not a num.]
[popVal: Attribute not a concept.]
[popVal: Attribute not a string.]
[popVal: Attribute not a num.]
[popVal: Attribute not a num.]
[popVal: Attribute not a concept.]
[popVal: Attribute not a string.]
[popVal: Attribute not a concept.]
[popVal: Attribute not a num.]
[popVal: Attribute not a concept.]
[popVal: Attribute not a string.]
[popVal: Attribute not a concept.]
[popVal: Attribute not a num.]
[popVal: Attribute not a concept.]
[popVal: Attribute not a num.]
[popVal: Attribute not a concept.]
[popVal: Attribute not a string.]
[popVal: Attribute not a num.]
[popVal: Attribute not a num.]
[popVal: Attribute not a concept.]
[popVal: Attribute not a num.]
[popVal: Attribute not a concept.]
[popVal: Attribute not a string.]
[popVal: Attribute not a concept.]
[popVal: Attribute not a num.]
[popVal: Attribute not a concept.]
[popVal: Attribute not a string.]
[popVal: Attribute not a concept.]
[popVal: Attribute not a num.]
[popVal: Attribute not a concept.]
[popVal: Attribute not a num.]
[popVal: Attribute not a concept.]
[popVal: Attribute not a string.]
[popVal: Attribute not a num.]
[popVal: Attribute not a num.]
[popVal: Attribute not a concept.]
[popVal: Attribute not a string.]
[popVal: Attribute not a concept.]
[popVal: Attribute not a num.]
[popVal: Attribute not a concept.]
[popVal: Attribute not a string.]
[popVal: Attribute not a concept.]
[popVal: Attribute not a num.]
[popVal: Attribute not a concept.]
[popVal: Attribute not a num.]
[popVal: Attribute not a concept.]
[popVal: Attribute not a num.]
[popVal: Attribute not a concept.]
[popVal: Attribute not a string.]
[popVal: Attribute not a num.]
